<?xml version="1.0" encoding="UTF-8"?>
<!-- Generated by org.testng.reporters.JUnitReportReporter -->
<testsuite hostname="MUM15122CPU2703" failures="0" tests="2" name="com.nmims.TestCases.TC_LoginDDT_002" time="26.207" errors="0" timestamp="18 Jul 2024 06:17:11 GMT" skipped="0">
  <testcase classname="com.nmims.TestCases.TC_LoginDDT_002" name="loginDDT" time="12.577"/>
  <testcase classname="com.nmims.TestCases.TC_LoginDDT_002" name="loginDDT" time="13.630"/>
</testsuite> <!-- com.nmims.TestCases.TC_LoginDDT_002 -->
